0 info it worked if it ends with ok
1 verbose cli [ 'node', '/usr/local/bin/npm', 'install', 'node-smsc' ]
2 info using npm@1.3.6
3 info using node@v0.10.13
4 warn package.json Reginas@0.0.0 No repository field.
5 warn package.json Reginas@0.0.0 No README data
6 verbose readDependencies using package.json deps
7 verbose cache add [ 'node-smsc', null ]
8 verbose cache add name=undefined spec="node-smsc" args=["node-smsc",null]
9 verbose parsed url { protocol: null,
9 verbose parsed url   slashes: null,
9 verbose parsed url   auth: null,
9 verbose parsed url   host: null,
9 verbose parsed url   port: null,
9 verbose parsed url   hostname: null,
9 verbose parsed url   hash: null,
9 verbose parsed url   search: null,
9 verbose parsed url   query: null,
9 verbose parsed url   pathname: 'node-smsc',
9 verbose parsed url   path: 'node-smsc',
9 verbose parsed url   href: 'node-smsc' }
10 silly lockFile 8690cc7d-node-smsc node-smsc
11 verbose lock node-smsc /Users/iBook/.npm/8690cc7d-node-smsc.lock
12 silly lockFile 8690cc7d-node-smsc node-smsc
13 silly lockFile 8690cc7d-node-smsc node-smsc
14 verbose addNamed [ 'node-smsc', '' ]
15 verbose addNamed [ null, '*' ]
16 silly lockFile c14df05b-node-smsc node-smsc@
17 verbose lock node-smsc@ /Users/iBook/.npm/c14df05b-node-smsc.lock
18 silly addNameRange { name: 'node-smsc', range: '*', hasData: false }
19 verbose url raw node-smsc
20 verbose url resolving [ 'https://registry.npmjs.org/', './node-smsc' ]
21 verbose url resolved https://registry.npmjs.org/node-smsc
22 info trying registry request attempt 1 at 20:10:22
23 http GET https://registry.npmjs.org/node-smsc
24 http 404 https://registry.npmjs.org/node-smsc
25 silly registry.get cb [ 404,
25 silly registry.get   { server: 'CouchDB/1.3.1 (Erlang OTP/R15B03)',
25 silly registry.get     date: 'Sat, 12 Oct 2013 14:10:26 GMT',
25 silly registry.get     'content-type': 'application/json',
25 silly registry.get     'content-length': '52',
25 silly registry.get     'cache-control': 'must-revalidate' } ]
26 silly lockFile c14df05b-node-smsc node-smsc@
27 silly lockFile c14df05b-node-smsc node-smsc@
28 error 404 'node-smsc' is not in the npm registry.
28 error 404 You should bug the author to publish it
28 error 404
28 error 404 Maybe try 'npm search smsc'
28 error 404
28 error 404 Note that you can also install from a
28 error 404 tarball, folder, or http url, or git url.
29 error System Darwin 12.5.0
30 error command "node" "/usr/local/bin/npm" "install" "node-smsc"
31 error cwd /Users/iBook/Reginas-fpk/server
32 error node -v v0.10.13
33 error npm -v 1.3.6
34 error code E404
35 verbose exit [ 1, true ]
